<?xml version="1.0" encoding="UTF-8"?>
<!-- Generated by org.testng.reporters.JUnitReportReporter -->
<testsuite hostname="riskuma1" name="maven.MavenDemoTest.DemoTest" tests="4" failures="0" timestamp="18 Apr 2019 12:26:35 GMT" time="0.023" errors="0">
  <testcase name="Sub" time="0.000" classname="maven.MavenDemoTest.DemoTest"/>
  <testcase name="Div" time="0.015" classname="maven.MavenDemoTest.DemoTest"/>
  <testcase name="Sum" time="0.000" classname="maven.MavenDemoTest.DemoTest"/>
  <testcase name="Mul" time="0.008" classname="maven.MavenDemoTest.DemoTest"/>
</testsuite> <!-- maven.MavenDemoTest.DemoTest -->
