<?xml version="1.0" encoding="UTF-8"?>
<!-- Generated by org.testng.reporters.JUnitReportReporter -->
<testsuite hostname="riskuma1" name="maven.MavenDemoTest.Demo" tests="4" failures="0" timestamp="18 Apr 2019 07:10:55 GMT" time="0.031" errors="0">
  <testcase name="Mul" time="0.000" classname="maven.MavenDemoTest.Demo"/>
  <testcase name="Sub" time="0.000" classname="maven.MavenDemoTest.Demo"/>
  <testcase name="Sum" time="0.000" classname="maven.MavenDemoTest.Demo"/>
  <testcase name="Div" time="0.031" classname="maven.MavenDemoTest.Demo"/>
</testsuite> <!-- maven.MavenDemoTest.Demo -->
