<?xml version="1.0" encoding="UTF-8"?>
<!-- Generated by org.testng.reporters.JUnitReportReporter -->
<testsuite hostname="riskuma1" name="maven.MavenDemoTest.DemoTest1" tests="4" failures="0" timestamp="18 Apr 2019 12:26:35 GMT" time="0.018" errors="0">
  <testcase name="Sum" time="0.016" classname="maven.MavenDemoTest.DemoTest1"/>
  <testcase name="Div" time="0.002" classname="maven.MavenDemoTest.DemoTest1"/>
  <testcase name="Mul" time="0.000" classname="maven.MavenDemoTest.DemoTest1"/>
  <testcase name="Sub" time="0.000" classname="maven.MavenDemoTest.DemoTest1"/>
</testsuite> <!-- maven.MavenDemoTest.DemoTest1 -->
