<?xml version="1.0" encoding="UTF-8"?>
<!-- Generated by org.testng.reporters.JUnitReportReporter -->
<testsuite hostname="riskuma1" name="maven.MavenDemoTest.DemoTest2" tests="4" failures="0" timestamp="19 Apr 2019 12:05:04 GMT" time="0.004" errors="0">
  <testcase name="Sub" time="0.000" classname="maven.MavenDemoTest.DemoTest2"/>
  <testcase name="Mul" time="0.001" classname="maven.MavenDemoTest.DemoTest2"/>
  <testcase name="Div" time="0.001" classname="maven.MavenDemoTest.DemoTest2"/>
  <testcase name="Sum" time="0.002" classname="maven.MavenDemoTest.DemoTest2"/>
</testsuite> <!-- maven.MavenDemoTest.DemoTest2 -->
