<?xml version="1.0" encoding="UTF-8"?>
<!-- Generated by org.testng.reporters.JUnitReportReporter -->
<testsuite hostname="riskuma1" name="maven.MavenDemoTest.DemoTest1" tests="4" failures="0" timestamp="19 Apr 2019 12:05:04 GMT" time="0.008" errors="0">
  <testcase name="Div" time="0.006" classname="maven.MavenDemoTest.DemoTest1"/>
  <testcase name="Sum" time="0.001" classname="maven.MavenDemoTest.DemoTest1"/>
  <testcase name="Mul" time="0.001" classname="maven.MavenDemoTest.DemoTest1"/>
  <testcase name="Sub" time="0.000" classname="maven.MavenDemoTest.DemoTest1"/>
</testsuite> <!-- maven.MavenDemoTest.DemoTest1 -->
